0 [main] INFO  ru.nsu.fit.yana.task2.Main  - Initialize Calc application
0 [main] INFO  ru.nsu.fit.yana.task2.Main  - Parsing command line
0 [main] INFO  ru.nsu.fit.yana.task2.Main  - Create context
0 [main] INFO  ru.nsu.fit.yana.task2.Main  - load Calc
8127 [main] INFO  ru.nsu.fit.yana.task2.Main  - try to create command meow
8127 [main] ERROR ru.nsu.fit.yana.task2.Main  - 
ru.nsu.fit.yana.task2.exceptions.ClassCreationException: not such command
	at ru.nsu.fit.yana.task2.commands.CommandFactory.createCommand(CommandFactory.java:32)
	at ru.nsu.fit.yana.task2.Main.main(Main.java:35)
12486 [main] INFO  ru.nsu.fit.yana.task2.Main  - try to create command DEFINE
12486 [main] INFO  ru.nsu.fit.yana.task2.Main  - the command was created successfully
12486 [main] ERROR ru.nsu.fit.yana.task2.Main  - 
ru.nsu.fit.yana.task2.exceptions.ArgumentFormatException: wrong argument format
	at ru.nsu.fit.yana.task2.commands.Define.load(Define.java:24)
	at ru.nsu.fit.yana.task2.Main.main(Main.java:38)
19470 [main] INFO  ru.nsu.fit.yana.task2.Main  - try to create command DEFINE
19470 [main] INFO  ru.nsu.fit.yana.task2.Main  - the command was created successfully
21798 [main] INFO  ru.nsu.fit.yana.task2.Main  - try to create command PUSH
21798 [main] INFO  ru.nsu.fit.yana.task2.Main  - the command was created successfully
23594 [main] INFO  ru.nsu.fit.yana.task2.Main  - try to create command PRINT
23594 [main] INFO  ru.nsu.fit.yana.task2.Main  - the command was created successfully
0 [main] INFO  ru.nsu.fit.yana.task2.Main  - Initialize Calc application
0 [main] INFO  ru.nsu.fit.yana.task2.Main  - Parsing command line
16 [main] INFO  ru.nsu.fit.yana.task2.Main  - Create context
16 [main] INFO  ru.nsu.fit.yana.task2.Main  - load Calc
5140 [main] INFO  ru.nsu.fit.yana.task2.Main  - try to create command PUSH
5140 [main] INFO  ru.nsu.fit.yana.task2.Main  - the command was created successfully
5140 [main] ERROR ru.nsu.fit.yana.task2.Main  - 
ru.nsu.fit.yana.task2.exceptions.UndefinedVariableException: undefined variable
	at ru.nsu.fit.yana.task2.commands.Push.load(Push.java:29)
	at ru.nsu.fit.yana.task2.Main.main(Main.java:38)
13366 [main] INFO  ru.nsu.fit.yana.task2.Main  - try to create command DEFINE
13366 [main] INFO  ru.nsu.fit.yana.task2.Main  - the command was created successfully
15850 [main] INFO  ru.nsu.fit.yana.task2.Main  - try to create command PUSH
15850 [main] INFO  ru.nsu.fit.yana.task2.Main  - the command was created successfully
18724 [main] INFO  ru.nsu.fit.yana.task2.Main  - try to create command SQRT
18739 [main] INFO  ru.nsu.fit.yana.task2.Main  - the command was created successfully
21551 [main] INFO  ru.nsu.fit.yana.task2.Main  - try to create command PRINT
21551 [main] INFO  ru.nsu.fit.yana.task2.Main  - the command was created successfully
0 [main] INFO  ru.nsu.fit.yana.task2.Main  - Initialize Calc application
0 [main] INFO  ru.nsu.fit.yana.task2.Main  - Parsing command line
16 [main] INFO  ru.nsu.fit.yana.task2.Main  - Create context
16 [main] INFO  ru.nsu.fit.yana.task2.Main  - load Calc
16965 [main] INFO  ru.nsu.fit.yana.task2.Main  - try to create command DEFINE
16965 [main] INFO  ru.nsu.fit.yana.task2.Main  - the command was created successfully
19808 [main] INFO  ru.nsu.fit.yana.task2.Main  - try to create command PUSH
19808 [main] INFO  ru.nsu.fit.yana.task2.Main  - the command was created successfully
24088 [main] INFO  ru.nsu.fit.yana.task2.Main  - try to create command SQRT
24088 [main] INFO  ru.nsu.fit.yana.task2.Main  - the command was created successfully
26010 [main] INFO  ru.nsu.fit.yana.task2.Main  - try to create command PRINT
26010 [main] INFO  ru.nsu.fit.yana.task2.Main  - the command was created successfully
41490 [main] INFO  ru.nsu.fit.yana.task2.Main  - try to create command push
41506 [main] ERROR ru.nsu.fit.yana.task2.Main  - 
ru.nsu.fit.yana.task2.exceptions.ClassCreationException: not such command
	at ru.nsu.fit.yana.task2.commands.CommandFactory.createCommand(CommandFactory.java:32)
	at ru.nsu.fit.yana.task2.Main.main(Main.java:35)
47645 [main] INFO  ru.nsu.fit.yana.task2.Main  - try to create command PUSH
47645 [main] INFO  ru.nsu.fit.yana.task2.Main  - the command was created successfully
47645 [main] ERROR ru.nsu.fit.yana.task2.Main  - 
ru.nsu.fit.yana.task2.exceptions.UndefinedVariableException: undefined variable
	at ru.nsu.fit.yana.task2.commands.Push.load(Push.java:29)
	at ru.nsu.fit.yana.task2.Main.main(Main.java:38)
0 [main] INFO  ru.nsu.fit.yana.task2.Main  - Initialize Calc application
0 [main] INFO  ru.nsu.fit.yana.task2.Main  - Parsing command line
16 [main] INFO  ru.nsu.fit.yana.task2.Main  - Create context
16 [main] INFO  ru.nsu.fit.yana.task2.Main  - load Calc
13919 [main] INFO  ru.nsu.fit.yana.task2.Main  - try to create command PUSH
13935 [main] INFO  ru.nsu.fit.yana.task2.Main  - the command was created successfully
18699 [main] INFO  ru.nsu.fit.yana.task2.Main  - try to create command SQRT
18699 [main] INFO  ru.nsu.fit.yana.task2.Main  - the command was created successfully
18699 [main] ERROR ru.nsu.fit.yana.task2.Main  - 
ru.nsu.fit.yana.task2.exceptions.NegativeNumberException: number is negative
	at ru.nsu.fit.yana.task2.commands.Sqrt.load(Sqrt.java:20)
	at ru.nsu.fit.yana.task2.Main.main(Main.java:38)
26635 [main] INFO  ru.nsu.fit.yana.task2.Main  - try to create command PUSH
26635 [main] INFO  ru.nsu.fit.yana.task2.Main  - the command was created successfully
30743 [main] INFO  ru.nsu.fit.yana.task2.Main  - try to create command SQRT
30743 [main] INFO  ru.nsu.fit.yana.task2.Main  - the command was created successfully
33243 [main] INFO  ru.nsu.fit.yana.task2.Main  - try to create command PRINT
33243 [main] INFO  ru.nsu.fit.yana.task2.Main  - the command was created successfully
47521 [main] INFO  ru.nsu.fit.yana.task2.Main  - try to create command PUSH
47521 [main] INFO  ru.nsu.fit.yana.task2.Main  - the command was created successfully
50943 [main] INFO  ru.nsu.fit.yana.task2.Main  - try to create command SUM
50943 [main] ERROR ru.nsu.fit.yana.task2.Main  - 
ru.nsu.fit.yana.task2.exceptions.ClassCreationException: not such command
	at ru.nsu.fit.yana.task2.commands.CommandFactory.createCommand(CommandFactory.java:32)
	at ru.nsu.fit.yana.task2.Main.main(Main.java:35)
56082 [main] INFO  ru.nsu.fit.yana.task2.Main  - try to create command SUMM
56082 [main] ERROR ru.nsu.fit.yana.task2.Main  - 
ru.nsu.fit.yana.task2.exceptions.ClassCreationException: not such command
	at ru.nsu.fit.yana.task2.commands.CommandFactory.createCommand(CommandFactory.java:32)
	at ru.nsu.fit.yana.task2.Main.main(Main.java:35)
59768 [main] INFO  ru.nsu.fit.yana.task2.Main  - try to create command +
59768 [main] INFO  ru.nsu.fit.yana.task2.Main  - the command was created successfully
62752 [main] INFO  ru.nsu.fit.yana.task2.Main  - try to create command PRINT
62752 [main] INFO  ru.nsu.fit.yana.task2.Main  - the command was created successfully
66235 [main] INFO  ru.nsu.fit.yana.task2.Main  - try to create command +
66235 [main] INFO  ru.nsu.fit.yana.task2.Main  - the command was created successfully
68922 [main] INFO  ru.nsu.fit.yana.task2.Main  - try to create command PRINT
68922 [main] INFO  ru.nsu.fit.yana.task2.Main  - the command was created successfully
75437 [main] INFO  ru.nsu.fit.yana.task2.Main  - try to create command PUSH
75437 [main] INFO  ru.nsu.fit.yana.task2.Main  - the command was created successfully
77685 [main] INFO  ru.nsu.fit.yana.task2.Main  - try to create command SQRT
77685 [main] INFO  ru.nsu.fit.yana.task2.Main  - the command was created successfully
78858 [main] INFO  ru.nsu.fit.yana.task2.Main  - try to create command -
78858 [main] INFO  ru.nsu.fit.yana.task2.Main  - the command was created successfully
84418 [main] INFO  ru.nsu.fit.yana.task2.Main  - try to create command PRINT
84418 [main] INFO  ru.nsu.fit.yana.task2.Main  - the command was created successfully
0 [main] INFO  ru.nsu.fit.yana.task2.Main  - Initialize Calc application
0 [main] INFO  ru.nsu.fit.yana.task2.Main  - Parsing command line
16 [main] INFO  ru.nsu.fit.yana.task2.Main  - Create context
16 [main] INFO  ru.nsu.fit.yana.task2.Main  - load Calc
5452 [main] INFO  ru.nsu.fit.yana.task2.Main  - try to create command PUSH
5452 [main] INFO  ru.nsu.fit.yana.task2.Main  - the command was created successfully
9810 [main] INFO  ru.nsu.fit.yana.task2.Main  - try to create command PUSH
9810 [main] INFO  ru.nsu.fit.yana.task2.Main  - the command was created successfully
11623 [main] INFO  ru.nsu.fit.yana.task2.Main  - try to create command SQRT
11623 [main] INFO  ru.nsu.fit.yana.task2.Main  - the command was created successfully
14393 [main] INFO  ru.nsu.fit.yana.task2.Main  - try to create command PRINT
14393 [main] INFO  ru.nsu.fit.yana.task2.Main  - the command was created successfully
16831 [main] INFO  ru.nsu.fit.yana.task2.Main  - try to create command -
16845 [main] INFO  ru.nsu.fit.yana.task2.Main  - the command was created successfully
26468 [main] INFO  ru.nsu.fit.yana.task2.Main  - try to create command PTINT
26468 [main] ERROR ru.nsu.fit.yana.task2.Main  - 
ru.nsu.fit.yana.task2.exceptions.ClassCreationException: not such command
	at ru.nsu.fit.yana.task2.commands.CommandFactory.createCommand(CommandFactory.java:32)
	at ru.nsu.fit.yana.task2.Main.main(Main.java:35)
29358 [main] INFO  ru.nsu.fit.yana.task2.Main  - try to create command PRINT
29358 [main] INFO  ru.nsu.fit.yana.task2.Main  - the command was created successfully
0 [main] INFO  ru.nsu.fit.yana.task2.Main  - Initialize Calc application
0 [main] INFO  ru.nsu.fit.yana.task2.Main  - Parsing command line
0 [main] INFO  ru.nsu.fit.yana.task2.Main  - Create context
0 [main] INFO  ru.nsu.fit.yana.task2.Main  - load Calc
5433 [main] INFO  ru.nsu.fit.yana.task2.Main  - try to create command PUSH
5433 [main] INFO  ru.nsu.fit.yana.task2.Main  - the command was created successfully
7619 [main] INFO  ru.nsu.fit.yana.task2.Main  - try to create command PUSH
7619 [main] INFO  ru.nsu.fit.yana.task2.Main  - the command was created successfully
10135 [main] INFO  ru.nsu.fit.yana.task2.Main  - try to create command SQRT
10135 [main] INFO  ru.nsu.fit.yana.task2.Main  - the command was created successfully
11353 [main] INFO  ru.nsu.fit.yana.task2.Main  - try to create command -
11353 [main] INFO  ru.nsu.fit.yana.task2.Main  - the command was created successfully
13186 [main] INFO  ru.nsu.fit.yana.task2.Main  - try to create command PRINT
13188 [main] INFO  ru.nsu.fit.yana.task2.Main  - the command was created successfully
0 [main] INFO  ru.nsu.fit.yana.task2.Main  - Initialize Calc application
0 [main] INFO  ru.nsu.fit.yana.task2.Main  - Parsing command line
15 [main] INFO  ru.nsu.fit.yana.task2.Main  - Create context
15 [main] INFO  ru.nsu.fit.yana.task2.Main  - load Calc
[INFO ] 2023-06-26 13:21:56.210 [main] Main - Initialize Calc application
[INFO ] 2023-06-26 13:21:56.215 [main] Main - Parsing command line
[INFO ] 2023-06-26 13:21:56.230 [main] Main - Create context
[INFO ] 2023-06-26 13:21:56.237 [main] Main - load Calc
[INFO ] 2023-06-26 13:22:02.794 [main] Main - try to create command DEFINE
[INFO ] 2023-06-26 13:22:02.853 [main] Main - the command was created successfully
[INFO ] 2023-06-26 13:22:05.214 [main] Main - try to create command SUM
[ERROR] 2023-06-26 13:22:05.215 [main] Main - 
ru.nsu.fit.yana.task2.exceptions.ClassCreationException: not such command
	at ru.nsu.fit.yana.task2.commands.CommandFactory.createCommand(CommandFactory.java:24) ~[classes/:?]
	at ru.nsu.fit.yana.task2.Main.main(Main.java:28) ~[classes/:?]
[INFO ] 2023-06-26 13:22:15.901 [main] Main - try to create command PUSH
[INFO ] 2023-06-26 13:22:15.919 [main] Main - the command was created successfully
[INFO ] 2023-06-26 13:22:18.984 [main] Main - try to create command SQRT
[INFO ] 2023-06-26 13:22:19.000 [main] Main - the command was created successfully
[INFO ] 2023-06-26 13:22:21.994 [main] Main - try to create command PRINT
[INFO ] 2023-06-26 13:22:22.010 [main] Main - the command was created successfully
[INFO ] 2023-06-26 13:22:24.791 [main] Main - try to create command end
[ERROR] 2023-06-26 13:22:24.791 [main] Main - 
ru.nsu.fit.yana.task2.exceptions.ClassCreationException: not such command
	at ru.nsu.fit.yana.task2.commands.CommandFactory.createCommand(CommandFactory.java:24) ~[classes/:?]
	at ru.nsu.fit.yana.task2.Main.main(Main.java:28) ~[classes/:?]
[INFO ] 2023-06-26 15:07:00.833 [main] Main - Initialize Calc application
[INFO ] 2023-06-26 15:07:00.836 [main] Main - Parsing command line
[ERROR] 2023-06-26 15:07:00.910 [main] Main - System.in (Не удается найти указанный файл)
[INFO ] 2023-06-26 15:09:41.505 [main] Main - Initialize Calc application
[INFO ] 2023-06-26 15:09:41.509 [main] Main - Parsing command line
[INFO ] 2023-06-26 15:09:41.580 [main] Main - Create context
[INFO ] 2023-06-26 15:09:41.580 [main] Main - load Calc
[INFO ] 2023-06-26 15:09:49.805 [main] Main - try to create command DEFINE
[INFO ] 2023-06-26 15:09:49.823 [main] Main - the command was created successfully
[INFO ] 2023-06-26 15:09:52.779 [main] Main - try to create command PUSH
[INFO ] 2023-06-26 15:09:52.789 [main] Main - the command was created successfully
[INFO ] 2023-06-26 15:09:55.049 [main] Main - try to create command SQRT
[INFO ] 2023-06-26 15:09:55.064 [main] Main - the command was created successfully
[INFO ] 2023-06-26 15:09:56.781 [main] Main - try to create command PRINT
[INFO ] 2023-06-26 15:09:56.784 [main] Main - the command was created successfully
[INFO ] 2023-06-26 15:11:05.598 [main] Main - Initialize Calc application
[INFO ] 2023-06-26 15:11:05.602 [main] Main - Parsing command line
[INFO ] 2023-06-26 15:11:05.673 [main] Main - Create context
[INFO ] 2023-06-26 15:11:05.674 [main] Main - load Calc
[INFO ] 2023-06-26 15:11:11.532 [main] Main - try to create command DEFINE
[INFO ] 2023-06-26 15:11:11.535 [main] Main - the command was created successfully
[INFO ] 2023-06-26 15:13:00.809 [main] Main - Initialize Calc application
[INFO ] 2023-06-26 15:13:00.812 [main] Main - Parsing command line
[ERROR] 2023-06-26 15:13:00.878 [main] Main -  (Системе не удается найти указанный путь)
[INFO ] 2023-06-26 15:45:42.990 [main] Main - Initialize Calc application
[INFO ] 2023-06-26 15:45:42.993 [main] Main - Parsing command line
[INFO ] 2023-06-26 15:45:43.061 [main] Main - Create context
[INFO ] 2023-06-26 15:45:43.061 [main] Main - load Calc
[INFO ] 2023-06-26 15:45:48.086 [main] Main - try to create command DEFINE
[INFO ] 2023-06-26 15:45:48.116 [main] Main - the command was created successfully
[ERROR] 2023-06-26 15:45:48.117 [main] Main - 
ru.nsu.fit.yana.task2.exceptions.ArgumentsSizeException: Not enough elements in the argv
	at ru.nsu.fit.yana.task2.commands.Define.load(Define.java:15) ~[classes/:?]
	at ru.nsu.fit.yana.task2.Main.main(Main.java:54) ~[classes/:?]
[INFO ] 2023-06-26 15:45:52.429 [main] Main - try to create command DEFINE
[INFO ] 2023-06-26 15:45:52.429 [main] Main - the command was created successfully
[INFO ] 2023-06-26 15:45:56.199 [main] Main - try to create command PUSH
[INFO ] 2023-06-26 15:45:56.199 [main] Main - the command was created successfully
[INFO ] 2023-06-26 15:45:58.999 [main] Main - try to create command SQRT
[INFO ] 2023-06-26 15:45:58.999 [main] Main - the command was created successfully
[INFO ] 2023-06-26 15:46:01.176 [main] Main - try to create command PRINT
[INFO ] 2023-06-26 15:46:01.176 [main] Main - the command was created successfully
[INFO ] 2023-06-26 15:52:36.598 [main] Main - Initialize Calc application
[INFO ] 2023-06-26 15:52:36.601 [main] Main - Parsing command line
[INFO ] 2023-06-26 15:52:36.660 [main] Main - Create context
[INFO ] 2023-06-26 15:52:36.660 [main] Main - load Calc
[INFO ] 2023-06-26 15:52:43.014 [main] Main - try to create command DEFINE
[INFO ] 2023-06-26 15:52:43.030 [main] Main - the command was created successfully
[INFO ] 2023-06-26 15:52:45.234 [main] Main - try to create command PUSH
[INFO ] 2023-06-26 15:52:45.234 [main] Main - the command was created successfully
[INFO ] 2023-06-26 15:52:46.678 [main] Main - try to create command SQRT
[INFO ] 2023-06-26 15:52:46.678 [main] Main - the command was created successfully
[INFO ] 2023-06-26 15:52:48.852 [main] Main - try to create command PWINT
[ERROR] 2023-06-26 15:52:48.852 [main] Main - 
java.lang.IllegalArgumentException: No enum constant ru.nsu.fit.yana.task2.commands.CommandType.PWINT
	at java.lang.Enum.valueOf(Enum.java:274) ~[?:?]
	at ru.nsu.fit.yana.task2.commands.CommandType.valueOf(CommandType.java:3) ~[classes/:?]
	at ru.nsu.fit.yana.task2.commands.CommandFactory.createCommand(CommandFactory.java:28) ~[classes/:?]
	at ru.nsu.fit.yana.task2.Main.start(Main.java:50) ~[classes/:?]
	at ru.nsu.fit.yana.task2.Main.main(Main.java:38) ~[classes/:?]
[INFO ] 2023-06-26 15:53:00.551 [main] Main - try to create command PRINT
[INFO ] 2023-06-26 15:53:00.551 [main] Main - the command was created successfully
